2023-11-29T21:13:15.326Z [my-car-api] info: API Started !
2023-11-29T21:13:21.579Z [my-car-api] info: GET/cars
2023-11-29T21:14:52.939Z [my-car-api] info: API Started !
2023-11-29T21:14:55.958Z [my-car-api] info: GEt Count Cars - "{\n  \"Seat\": 15,\n  \"Renault\": 30,\n  \"Peugeot\": 36,\n  \"Dacia\": 8,\n  \"Citroën\": 29,\n  \"Opel\": 25,\n  \"Alfa Romeo\": 19,\n  \"Škoda\": 15,\n  \"Chevrolet\": 25,\n  \"Porsche\": 12,\n  \"Honda\": 19,\n  \"Subaru\": 14,\n  \"Mazda\": 28,\n  \"Mitsubishi\": 25,\n  \"Lexus\": 17,\n  \"Toyota\": 33,\n  \"BMW\": 41,\n  \"Volkswagen\": 48,\n  \"Suzuki\": 16,\n  \"Mercedes-Benz\": 58,\n  \"Saab\": 10,\n  \"Audi\": 45,\n  \"Kia\": 24,\n  \"Land Rover\": 8,\n  \"Dodge\": 11,\n  \"Chrysler\": 16,\n  \"Ford\": 46,\n  \"Hummer\": 2,\n  \"Hyundai\": 31,\n  \"Infiniti\": 7,\n  \"Jaguar\": 19,\n  \"Jeep\": 7,\n  \"Nissan\": 42,\n  \"Volvo\": 23,\n  \"Daewoo\": 13,\n  \"Fiat\": 48,\n  \"MINI\": 11,\n  \"Rover\": 9,\n  \"Smart\": 7\n}"
2023-11-29T21:15:47.573Z [my-car-api] info: API Started !
2023-11-29T21:15:50.911Z [my-car-api] info: GEt Count Cars - {
  "Seat": 15,
  "Renault": 30,
  "Peugeot": 36,
  "Dacia": 8,
  "Citroën": 29,
  "Opel": 25,
  "Alfa Romeo": 19,
  "Škoda": 15,
  "Chevrolet": 25,
  "Porsche": 12,
  "Honda": 19,
  "Subaru": 14,
  "Mazda": 28,
  "Mitsubishi": 25,
  "Lexus": 17,
  "Toyota": 33,
  "BMW": 41,
  "Volkswagen": 48,
  "Suzuki": 16,
  "Mercedes-Benz": 58,
  "Saab": 10,
  "Audi": 45,
  "Kia": 24,
  "Land Rover": 8,
  "Dodge": 11,
  "Chrysler": 16,
  "Ford": 46,
  "Hummer": 2,
  "Hyundai": 31,
  "Infiniti": 7,
  "Jaguar": 19,
  "Jeep": 7,
  "Nissan": 42,
  "Volvo": 23,
  "Daewoo": 13,
  "Fiat": 48,
  "MINI": 11,
  "Rover": 9,
  "Smart": 7
}
2023-11-29T21:30:48.587Z [my-car-api] error: Cannot read properties of undefined (reading 'find')
2023-11-29T21:34:04.661Z [my-car-api] info: GEt Count Cars - {
  "Seat": 15,
  "Renault": 30,
  "Peugeot": 36,
  "Dacia": 8,
  "Citroën": 29,
  "Opel": 25,
  "Alfa Romeo": 19,
  "Škoda": 15,
  "Chevrolet": 25,
  "Porsche": 12,
  "Honda": 19,
  "Subaru": 14,
  "Mazda": 28,
  "Mitsubishi": 25,
  "Lexus": 17,
  "Toyota": 33,
  "BMW": 41,
  "Volkswagen": 48,
  "Suzuki": 16,
  "Mercedes-Benz": 58,
  "Saab": 10,
  "Audi": 45,
  "Kia": 24,
  "Land Rover": 8,
  "Dodge": 11,
  "Chrysler": 16,
  "Ford": 46,
  "Hummer": 2,
  "Hyundai": 31,
  "Infiniti": 7,
  "Jaguar": 19,
  "Jeep": 7,
  "Nissan": 42,
  "Volvo": 23,
  "Daewoo": 13,
  "Fiat": 48,
  "MINI": 11,
  "Rover": 9,
  "Smart": 7
}
2023-11-29T21:35:30.087Z [my-car-api] error: Cannot read properties of undefined (reading 'find')
2023-11-29T21:37:11.917Z [my-car-api] info: API Started !
2023-11-29T21:37:20.485Z [my-car-api] info: [object Object],[object Object],[object Object],[object Object],[object Object],[object Object],[object Object],[object Object],[object Object],[object Object],[object Object],[object Object],[object Object],[object Object],[object Object],[object Object],[object Object],[object Object],[object Object],[object Object],[object Object],[object Object],[object Object],[object Object],[object Object],[object Object],[object Object],[object Object],[object Object],[object Object],[object Object],[object Object],[object Object],[object Object],[object Object],[object Object],[object Object],[object Object],[object Object]
2023-11-29T21:37:20.501Z [my-car-api] error: jsonString is not defined
2023-11-29T21:37:45.062Z [my-car-api] info: API Started !
2023-11-29T21:38:13.154Z [my-car-api] info: API Started !
2023-11-29T21:38:15.996Z [my-car-api] info: GEt Count Cars Max- {
  "Mercedes-Benz": 58,
  "Volkswagen": 48,
  "Fiat": 48,
  "Ford": 46,
  "Audi": 45
}
2023-11-29T21:39:37.404Z [my-car-api] info: GEt Count Cars Max- {
  "Mercedes-Benz": 58,
  "Volkswagen": 48,
  "Fiat": 48,
  "Ford": 46,
  "Audi": 45,
  "Nissan": 42,
  "BMW": 41,
  "Peugeot": 36,
  "Toyota": 33,
  "Hyundai": 31
}
2023-11-29T21:42:00.949Z [my-car-api] info: API Started !
2023-11-29T21:42:37.441Z [my-car-api] info: API Started !
2023-11-29T21:43:09.357Z [my-car-api] info: GEt Count Cars Max- {
  "Mercedes-Benz": 58,
  "Volkswagen": 48,
  "Fiat": 48,
  "Ford": 46,
  "Audi": 45,
  "Nissan": 42,
  "BMW": 41,
  "Peugeot": 36,
  "Toyota": 33,
  "Hyundai": 31
}
2023-11-29T21:47:46.693Z [my-car-api] info: API Started !
2023-11-29T21:48:16.427Z [my-car-api] error: jsonString is not defined
2023-11-29T21:49:08.296Z [my-car-api] error: jsonString is not defined
2023-11-29T21:51:27.088Z [my-car-api] info: API Started !
2023-11-29T21:51:36.436Z [my-car-api] info: API Started !
2023-11-29T21:53:55.444Z [my-car-api] info: API Started !
2023-11-29T21:54:05.629Z [my-car-api] info: Get Count Cars Min- ["Cherokee","Commander","Compass","Grand Cherokee","Patriot","Renegade","Wrangler"]
2023-11-29T21:54:41.509Z [my-car-api] info: Get Count Cars Min- ["H2","H3"]
2023-12-04T12:34:25.295Z [my-car-api] info: API Started !
